16 biologicalchemis00roafrich-154 4
16 biologicalchemis00roafrich-155 3
16 biologicalchemis00roafrich-158 2
16 biologicalchemis00roafrich-164 3
16 biologicalchemis00roafrich-165 0
16 biologicalchemis00roafrich-174 4
16 biologicalchemis00roafrich-175 4
16 biologicalchemis00roafrich-176 4
16 biologicalchemis00roafrich-236 4
16 biologicalchemis00roafrich-37 4
16 biologicalchemis00roafrich-38 4
16 biologicalchemis00roafrich-39 1
16 biologicalchemis00roafrich-4 0 
16 biologicalchemis00roafrich-41 4
16 biologicalchemis00roafrich-42 3
16 biologicalchemis00roafrich-43 1
16 biologicalchemis00roafrich-5 0 
16 biologicalchemis00roafrich-7 0
16 biologicalchemis00roafrich-77 3
16 biologicalchemis00roafrich-78 0
16 biologicalchemis00roafrich-8 0
16 FR940303-1-00043 0
16 FR940303-1-00050 0
16 FR940303-1-00051 0
16 FR940303-1-00061 0
